c:\users\luccb\source\repos\cours3d\cours3d\x64\debug\vc143.pdb
c:\users\luccb\source\repos\cours3d\cours3d\x64\debug\vc143.idb
c:\users\luccb\source\repos\cours3d\cours3d\x64\debug\window.obj
c:\users\luccb\source\repos\cours3d\cours3d\x64\debug\shader.obj
c:\users\luccb\source\repos\cours3d\cours3d\x64\debug\object.obj
c:\users\luccb\source\repos\cours3d\cours3d\x64\debug\texture.obj
c:\users\luccb\source\repos\cours3d\cours3d\x64\debug\main.obj
c:\users\luccb\source\repos\cours3d\x64\debug\glfw3.dll
c:\users\luccb\source\repos\cours3d\cours3d\x64\debug\cours3d.ilk
c:\users\luccb\source\repos\cours3d\cours3d\x64\debug\cours3d.obj
c:\users\luccb\source\repos\cours3d\x64\debug\cours3d.pdb
c:\users\luccb\source\repos\cours3d\cours3d\x64\debug\cours3d.tlog\cl.command.1.tlog
c:\users\luccb\source\repos\cours3d\cours3d\x64\debug\cours3d.tlog\cl.items.tlog
c:\users\luccb\source\repos\cours3d\cours3d\x64\debug\cours3d.tlog\cl.read.1.tlog
c:\users\luccb\source\repos\cours3d\cours3d\x64\debug\cours3d.tlog\cl.write.1.tlog
c:\users\luccb\source\repos\cours3d\cours3d\x64\debug\cours3d.tlog\cours3d.write.1u.tlog
c:\users\luccb\source\repos\cours3d\cours3d\x64\debug\cours3d.tlog\link.8656-cvtres.read.1.tlog
c:\users\luccb\source\repos\cours3d\cours3d\x64\debug\cours3d.tlog\link.8656-cvtres.write.1.tlog
c:\users\luccb\source\repos\cours3d\cours3d\x64\debug\cours3d.tlog\link.8656-rc.read.1.tlog
c:\users\luccb\source\repos\cours3d\cours3d\x64\debug\cours3d.tlog\link.8656-rc.write.1.tlog
c:\users\luccb\source\repos\cours3d\cours3d\x64\debug\cours3d.tlog\link.8656.read.1.tlog
c:\users\luccb\source\repos\cours3d\cours3d\x64\debug\cours3d.tlog\link.8656.read.2.tlog
c:\users\luccb\source\repos\cours3d\cours3d\x64\debug\cours3d.tlog\link.8656.write.1.tlog
c:\users\luccb\source\repos\cours3d\cours3d\x64\debug\cours3d.tlog\link.command.1.tlog
c:\users\luccb\source\repos\cours3d\cours3d\x64\debug\cours3d.tlog\link.read.1.tlog
c:\users\luccb\source\repos\cours3d\cours3d\x64\debug\cours3d.tlog\link.secondary.1.tlog
c:\users\luccb\source\repos\cours3d\cours3d\x64\debug\cours3d.tlog\link.write.1.tlog
